<?xml version="1.0" encoding="UTF-8"?>
<testng-results skipped="0" failed="0" total="1" passed="1">
  <reporter-output>
  </reporter-output>
  <suite name="Suite" duration-ms="44780" started-at="2018-05-30T09:58:15Z" finished-at="2018-05-30T09:59:00Z">
    <groups>
    </groups>
    <test name="Test" duration-ms="44780" started-at="2018-05-30T09:58:15Z" finished-at="2018-05-30T09:59:00Z">
      <class name="pack.MyFirstTest">
        <test-method status="PASS" signature="homepage()[pri:0, instance:pack.MyFirstTest@2752f6e2]" name="homepage" duration-ms="44696" started-at="2018-05-30T15:28:15Z" finished-at="2018-05-30T15:29:00Z">
          <reporter-output>
          </reporter-output>
        </test-method> <!-- homepage -->
      </class> <!-- pack.MyFirstTest -->
    </test> <!-- Test -->
  </suite> <!-- Suite -->
</testng-results>
