<?xml version="1.0" encoding="UTF-8"?>
<testng-results skipped="0" failed="0" total="1" passed="1">
  <reporter-output>
  </reporter-output>
  <suite name="Default suite" duration-ms="21461" started-at="2018-05-29T18:47:44Z" finished-at="2018-05-29T18:48:05Z">
    <groups>
    </groups>
    <test name="Default test" duration-ms="21461" started-at="2018-05-29T18:47:44Z" finished-at="2018-05-29T18:48:05Z">
      <class name="pack.MyFirstTest">
        <test-method status="PASS" signature="homepage()[pri:0, instance:pack.MyFirstTest@482f8f11]" name="homepage" duration-ms="21389" started-at="2018-05-30T00:17:44Z" finished-at="2018-05-30T00:18:05Z">
          <reporter-output>
          </reporter-output>
        </test-method> <!-- homepage -->
      </class> <!-- pack.MyFirstTest -->
    </test> <!-- Default test -->
  </suite> <!-- Default suite -->
</testng-results>
